mai. 20, 2025 10:12:16 PM liquibase.changelog
INFO: Reading resource: db/changelog/migrations/db.changelog-202408191938.sql
mai. 20, 2025 10:12:16 PM liquibase.changelog
INFO: Reading resource: db/changelog/migrations/db.changelog-202505161828.sql
mai. 20, 2025 10:12:16 PM liquibase.changelog
INFO: Reading resource: db/changelog/migrations/db.changelog-202505161842.sql
mai. 20, 2025 10:12:16 PM liquibase.changelog
INFO: Reading resource: db/changelog/migrations/db.changelog-202505161848.sql
mai. 20, 2025 10:12:16 PM liquibase.changelog
INFO: Reading from board.DATABASECHANGELOG
Database is up to date, no changesets to execute
mai. 20, 2025 10:12:16 PM liquibase.changelog
INFO: Reading from board.DATABASECHANGELOG

UPDATE SUMMARY
Run:                          0
Previously run:               4
Filtered out:                 0
-------------------------------
Total change sets:            4

mai. 20, 2025 10:12:16 PM liquibase.util
INFO: UPDATE SUMMARY
mai. 20, 2025 10:12:16 PM liquibase.util
INFO: Run:                          0
mai. 20, 2025 10:12:16 PM liquibase.util
INFO: Previously run:               4
mai. 20, 2025 10:12:16 PM liquibase.util
INFO: Filtered out:                 0
mai. 20, 2025 10:12:16 PM liquibase.util
INFO: -------------------------------
mai. 20, 2025 10:12:16 PM liquibase.util
INFO: Total change sets:            4
mai. 20, 2025 10:12:16 PM liquibase.util
INFO: Update summary generated
mai. 20, 2025 10:12:16 PM liquibase.lockservice
INFO: Successfully released change log lock
mai. 20, 2025 10:12:16 PM liquibase.command
INFO: Command execution complete
